<?xml version="1.0" encoding="UTF-8"?>
<robot generator="Robot 4.0 (Python 3.9.2 on win32)" generated="20210314 02:35:46.263" rpa="false" schemaversion="2">
<suite id="s1" name="TesteWeb" source="C:\Users\Marcus Cruz\PycharmProjects\testes-robot\Teste1\TesteWeb.robot">
<test id="s1-t1" name="Listar Produtos">
<kw name="Acessar pagina home do site" library="ResourceTesteWeb" type="SETUP">
<kw name="Open Browser" library="SeleniumLibrary">
<arg>url=${URL}</arg>
<arg>browser= ${BROWSER}</arg>
<doc>Opens a new browser instance to the optional ``url``.</doc>
<msg timestamp="20210314 02:35:46.562" level="INFO">Opening browser ' chrome' to base url 'http://automationpractice.com/index.php'.</msg>
<status status="PASS" starttime="20210314 02:35:46.562" endtime="20210314 02:35:56.310"/>
</kw>
<kw name="Title Should Be" library="SeleniumLibrary">
<arg>My Store</arg>
<doc>Verifies that the current page title equals ``title``.</doc>
<msg timestamp="20210314 02:35:56.313" level="INFO">Page title is 'My Store'.</msg>
<status status="PASS" starttime="20210314 02:35:56.310" endtime="20210314 02:35:56.313"/>
</kw>
<status status="PASS" starttime="20210314 02:35:46.562" endtime="20210314 02:35:56.313"/>
</kw>
<kw name="Passar o mouse por cima da categoria &quot;Woman&quot; no menu principal superior de categorias" library="ResourceTesteWeb">
<kw name="Mouse Over" library="SeleniumLibrary">
<arg>${MOUSE_OVER}</arg>
<doc>Simulates hovering the mouse over the element ``locator``.</doc>
<msg timestamp="20210314 02:35:56.314" level="INFO">Simulating Mouse Over on element 'class=sf-with-ul'.</msg>
<status status="PASS" starttime="20210314 02:35:56.314" endtime="20210314 02:35:56.660"/>
</kw>
<kw name="Wait Until Element Is Visible" library="SeleniumLibrary">
<arg>${LINK}</arg>
<doc>Waits until the element ``locator`` is visible.</doc>
<status status="PASS" starttime="20210314 02:35:56.660" endtime="20210314 02:35:56.700"/>
</kw>
<status status="PASS" starttime="20210314 02:35:56.313" endtime="20210314 02:35:56.700"/>
</kw>
<kw name="Clicar na sub-categoria &quot;Summer Dresses&quot;" library="ResourceTesteWeb" sourcename="Clicar na sub-categoria &quot;${LINK_TEXT}&quot;">
<kw name="Click Link" library="SeleniumLibrary">
<arg>${LINK_TEXT}</arg>
<doc>Clicks a link identified by ``locator``.</doc>
<msg timestamp="20210314 02:35:56.701" level="INFO">Clicking link 'Summer Dresses'.</msg>
<status status="PASS" starttime="20210314 02:35:56.701" endtime="20210314 02:35:58.820"/>
</kw>
<kw name="Title Should Be" library="SeleniumLibrary">
<arg>Summer Dresses - My Store</arg>
<doc>Verifies that the current page title equals ``title``.</doc>
<msg timestamp="20210314 02:35:58.824" level="INFO">Page title is 'Summer Dresses - My Store'.</msg>
<status status="PASS" starttime="20210314 02:35:58.821" endtime="20210314 02:35:58.824"/>
</kw>
<status status="PASS" starttime="20210314 02:35:56.700" endtime="20210314 02:35:58.824"/>
</kw>
<status status="PASS" starttime="20210314 02:35:46.561" endtime="20210314 02:35:58.824"/>
</test>
<status status="PASS" starttime="20210314 02:35:46.264" endtime="20210314 02:35:58.825"/>
</suite>
<statistics>
<total>
<stat pass="1" fail="0" skip="0">All Tests</stat>
</total>
<tag>
</tag>
<suite>
<stat pass="1" fail="0" skip="0" id="s1" name="TesteWeb">TesteWeb</stat>
</suite>
</statistics>
<errors>
</errors>
</robot>
