<?xml version="1.0" encoding="UTF-8"?>
<robot generator="Robot 4.0 (Python 3.9.2 on win32)" generated="20210314 22:19:04.536" rpa="false" schemaversion="2">
<suite id="s1" name="TesteWeb" source="C:\Users\Marcus Cruz\PycharmProjects\testes-robot\Teste1\TesteWeb.robot">
<test id="s1-t1" name="Pesquisar produtos existentes">
<kw name="Acessar pagina home do site" library="ResourceTesteWeb" type="SETUP">
<kw name="Open Browser" library="SeleniumLibrary">
<arg>url=${URL}</arg>
<arg>browser= ${BROWSER}</arg>
<doc>Opens a new browser instance to the optional ``url``.</doc>
<msg timestamp="20210314 22:19:04.715" level="INFO">Opening browser ' chrome' to base url 'http://automationpractice.com/index.php'.</msg>
<status status="PASS" starttime="20210314 22:19:04.715" endtime="20210314 22:19:10.682"/>
</kw>
<kw name="Title Should Be" library="SeleniumLibrary">
<arg>My Store</arg>
<doc>Verifies that the current page title equals ``title``.</doc>
<msg timestamp="20210314 22:19:10.686" level="INFO">Page title is 'My Store'.</msg>
<status status="PASS" starttime="20210314 22:19:10.682" endtime="20210314 22:19:10.686"/>
</kw>
<status status="PASS" starttime="20210314 22:19:04.715" endtime="20210314 22:19:10.686"/>
</kw>
<kw name="Digitar o nome do produto &quot;Blouse&quot; no campo de pesquisa" library="ResourceTesteWeb" sourcename="Digitar o nome do produto &quot;${text_search}&quot; no campo de pesquisa">
<kw name="Wait Until Element Is Visible" library="SeleniumLibrary">
<arg>locator=${INPUT_BOX}</arg>
<doc>Waits until the element ``locator`` is visible.</doc>
<status status="PASS" starttime="20210314 22:19:10.687" endtime="20210314 22:19:10.705"/>
</kw>
<kw name="Click Element" library="SeleniumLibrary">
<arg>${INPUT_BOX}</arg>
<doc>Click the element identified by ``locator``.</doc>
<msg timestamp="20210314 22:19:10.705" level="INFO">Clicking element 'id=search_query_top'.</msg>
<status status="PASS" starttime="20210314 22:19:10.705" endtime="20210314 22:19:10.743"/>
</kw>
<kw name="Input Text" library="SeleniumLibrary">
<arg>${INPUT_BOX}</arg>
<arg>${text_search}</arg>
<doc>Types the given ``text`` into the text field identified by ``locator``.</doc>
<msg timestamp="20210314 22:19:10.743" level="INFO">Typing text 'Blouse' into text field 'id=search_query_top'.</msg>
<status status="PASS" starttime="20210314 22:19:10.743" endtime="20210314 22:19:10.785"/>
</kw>
<status status="PASS" starttime="20210314 22:19:10.687" endtime="20210314 22:19:10.785"/>
</kw>
<kw name="Clicar no botao de pesquisa" library="ResourceTesteWeb">
<kw name="Click Button" library="SeleniumLibrary">
<arg>${SUBMMIT_SEARCH}</arg>
<doc>Clicks the button identified by ``locator``.</doc>
<msg timestamp="20210314 22:19:10.786" level="INFO">Clicking button 'name=submit_search'.</msg>
<status status="PASS" starttime="20210314 22:19:10.785" endtime="20210314 22:19:11.994"/>
</kw>
<status status="PASS" starttime="20210314 22:19:10.785" endtime="20210314 22:19:11.994"/>
</kw>
<kw name="Conferir produto existente por &quot;Showing&quot;" library="ResourceTesteWeb" sourcename="Conferir produto existente por &quot;${assert_text}&quot;">
<kw name="Page Should Contain" library="SeleniumLibrary">
<arg>${assert_text}</arg>
<doc>Verifies that current page contains ``text``.</doc>
<msg timestamp="20210314 22:19:12.005" level="INFO">Current page contains text 'Showing'.</msg>
<status status="PASS" starttime="20210314 22:19:11.995" endtime="20210314 22:19:12.005"/>
</kw>
<status status="PASS" starttime="20210314 22:19:11.995" endtime="20210314 22:19:12.005"/>
</kw>
<status status="PASS" starttime="20210314 22:19:04.714" endtime="20210314 22:19:12.006"/>
</test>
<test id="s1-t2" name="Pesquisar produtos nao existentes">
<kw name="Acessar pagina home do site" library="ResourceTesteWeb" type="SETUP">
<kw name="Open Browser" library="SeleniumLibrary">
<arg>url=${URL}</arg>
<arg>browser= ${BROWSER}</arg>
<doc>Opens a new browser instance to the optional ``url``.</doc>
<msg timestamp="20210314 22:19:12.008" level="INFO">Opening browser ' chrome' to base url 'http://automationpractice.com/index.php'.</msg>
<status status="PASS" starttime="20210314 22:19:12.007" endtime="20210314 22:19:19.419"/>
</kw>
<kw name="Title Should Be" library="SeleniumLibrary">
<arg>My Store</arg>
<doc>Verifies that the current page title equals ``title``.</doc>
<msg timestamp="20210314 22:19:19.422" level="INFO">Page title is 'My Store'.</msg>
<status status="PASS" starttime="20210314 22:19:19.419" endtime="20210314 22:19:19.422"/>
</kw>
<status status="PASS" starttime="20210314 22:19:12.007" endtime="20210314 22:19:19.422"/>
</kw>
<kw name="Digitar o nome do produto &quot;produtoNãoExistente&quot; no campo de pesquisa" library="ResourceTesteWeb" sourcename="Digitar o nome do produto &quot;${text_search}&quot; no campo de pesquisa">
<kw name="Wait Until Element Is Visible" library="SeleniumLibrary">
<arg>locator=${INPUT_BOX}</arg>
<doc>Waits until the element ``locator`` is visible.</doc>
<status status="PASS" starttime="20210314 22:19:19.423" endtime="20210314 22:19:19.441"/>
</kw>
<kw name="Click Element" library="SeleniumLibrary">
<arg>${INPUT_BOX}</arg>
<doc>Click the element identified by ``locator``.</doc>
<msg timestamp="20210314 22:19:19.441" level="INFO">Clicking element 'id=search_query_top'.</msg>
<status status="PASS" starttime="20210314 22:19:19.441" endtime="20210314 22:19:19.478"/>
</kw>
<kw name="Input Text" library="SeleniumLibrary">
<arg>${INPUT_BOX}</arg>
<arg>${text_search}</arg>
<doc>Types the given ``text`` into the text field identified by ``locator``.</doc>
<msg timestamp="20210314 22:19:19.479" level="INFO">Typing text 'produtoNãoExistente' into text field 'id=search_query_top'.</msg>
<status status="PASS" starttime="20210314 22:19:19.479" endtime="20210314 22:19:19.526"/>
</kw>
<status status="PASS" starttime="20210314 22:19:19.423" endtime="20210314 22:19:19.526"/>
</kw>
<kw name="Clicar no botao de pesquisa" library="ResourceTesteWeb">
<kw name="Click Button" library="SeleniumLibrary">
<arg>${SUBMMIT_SEARCH}</arg>
<doc>Clicks the button identified by ``locator``.</doc>
<msg timestamp="20210314 22:19:19.526" level="INFO">Clicking button 'name=submit_search'.</msg>
<status status="PASS" starttime="20210314 22:19:19.526" endtime="20210314 22:19:21.804"/>
</kw>
<status status="PASS" starttime="20210314 22:19:19.526" endtime="20210314 22:19:21.805"/>
</kw>
<kw name="Conferir produto nao existente por &quot;No results were found for your search&quot;" library="ResourceTesteWeb" sourcename="Conferir produto nao existente por &quot;${assert_text}&quot;">
<kw name="Page Should Contain" library="SeleniumLibrary">
<arg>${assert_text}</arg>
<doc>Verifies that current page contains ``text``.</doc>
<msg timestamp="20210314 22:19:21.817" level="INFO">Current page contains text 'No results were found for your search'.</msg>
<status status="PASS" starttime="20210314 22:19:21.806" endtime="20210314 22:19:21.817"/>
</kw>
<status status="PASS" starttime="20210314 22:19:21.806" endtime="20210314 22:19:21.817"/>
</kw>
<status status="PASS" starttime="20210314 22:19:12.007" endtime="20210314 22:19:21.817"/>
</test>
<test id="s1-t3" name="Listar Produtos">
<kw name="Acessar pagina home do site" library="ResourceTesteWeb" type="SETUP">
<kw name="Open Browser" library="SeleniumLibrary">
<arg>url=${URL}</arg>
<arg>browser= ${BROWSER}</arg>
<doc>Opens a new browser instance to the optional ``url``.</doc>
<msg timestamp="20210314 22:19:21.818" level="INFO">Opening browser ' chrome' to base url 'http://automationpractice.com/index.php'.</msg>
<status status="PASS" starttime="20210314 22:19:21.818" endtime="20210314 22:19:29.527"/>
</kw>
<kw name="Title Should Be" library="SeleniumLibrary">
<arg>My Store</arg>
<doc>Verifies that the current page title equals ``title``.</doc>
<msg timestamp="20210314 22:19:29.532" level="INFO">Page title is 'My Store'.</msg>
<status status="PASS" starttime="20210314 22:19:29.528" endtime="20210314 22:19:29.532"/>
</kw>
<status status="PASS" starttime="20210314 22:19:21.818" endtime="20210314 22:19:29.532"/>
</kw>
<kw name="Passar o mouse por cima da categoria &quot;Woman&quot; no menu principal superior de categorias" library="ResourceTesteWeb">
<kw name="Mouse Over" library="SeleniumLibrary">
<arg>${MOUSE_OVER}</arg>
<doc>Simulates hovering the mouse over the element ``locator``.</doc>
<msg timestamp="20210314 22:19:29.533" level="INFO">Simulating Mouse Over on element 'class=sf-with-ul'.</msg>
<status status="PASS" starttime="20210314 22:19:29.533" endtime="20210314 22:19:30.217"/>
</kw>
<kw name="Wait Until Element Is Visible" library="SeleniumLibrary">
<arg>${LINK}</arg>
<doc>Waits until the element ``locator`` is visible.</doc>
<status status="PASS" starttime="20210314 22:19:30.217" endtime="20210314 22:19:30.235"/>
</kw>
<status status="PASS" starttime="20210314 22:19:29.533" endtime="20210314 22:19:30.235"/>
</kw>
<kw name="Clicar na sub-categoria &quot;Summer Dresses&quot;" library="ResourceTesteWeb" sourcename="Clicar na sub-categoria &quot;${LINK_TEXT}&quot;">
<kw name="Click Link" library="SeleniumLibrary">
<arg>${LINK_TEXT}</arg>
<doc>Clicks a link identified by ``locator``.</doc>
<msg timestamp="20210314 22:19:30.236" level="INFO">Clicking link 'Summer Dresses'.</msg>
<status status="PASS" starttime="20210314 22:19:30.236" endtime="20210314 22:19:32.461"/>
</kw>
<kw name="Title Should Be" library="SeleniumLibrary">
<arg>Summer Dresses - My Store</arg>
<doc>Verifies that the current page title equals ``title``.</doc>
<msg timestamp="20210314 22:19:32.464" level="INFO">Page title is 'Summer Dresses - My Store'.</msg>
<status status="PASS" starttime="20210314 22:19:32.461" endtime="20210314 22:19:32.464"/>
</kw>
<status status="PASS" starttime="20210314 22:19:30.236" endtime="20210314 22:19:32.464"/>
</kw>
<status status="PASS" starttime="20210314 22:19:21.817" endtime="20210314 22:19:32.464"/>
</test>
<status status="PASS" starttime="20210314 22:19:04.537" endtime="20210314 22:19:32.465"/>
</suite>
<statistics>
<total>
<stat pass="3" fail="0" skip="0">All Tests</stat>
</total>
<tag>
</tag>
<suite>
<stat pass="3" fail="0" skip="0" id="s1" name="TesteWeb">TesteWeb</stat>
</suite>
</statistics>
<errors>
</errors>
</robot>
